<?xml version="1.0" encoding="UTF-8"?>
<!-- Generated by org.testng.reporters.JUnitReportReporter -->
<testsuite hostname="TVMATP449200L" failures="0" tests="1" name="com.Copla.testCases.TC_SmallparcelTest_009" time="39.394" errors="0" timestamp="2022-02-03T10:01:02 IST" skipped="0">
  <testcase classname="com.Copla.testCases.TC_SmallparcelTest_009" name="smallparcelTest" time="39.394"/>
  <system-out/>
</testsuite> <!-- com.Copla.testCases.TC_SmallparcelTest_009 -->
