<?xml version="1.0" encoding="UTF-8"?>
<!-- Generated by org.testng.reporters.JUnitReportReporter -->
<testsuite hostname="TVMATP449200L" failures="0" tests="1" name="com.Copla.testCases.TC_DeliveryCalendarTest_002" time="73.778" errors="0" timestamp="2022-01-03T16:28:56 IST" skipped="0">
  <testcase classname="com.Copla.testCases.TC_DeliveryCalendarTest_002" name="deliverycalendarTest" time="73.778"/>
  <system-out/>
</testsuite> <!-- com.Copla.testCases.TC_DeliveryCalendarTest_002 -->
