<?xml version="1.0" encoding="UTF-8"?>
<!-- Generated by org.testng.reporters.JUnitReportReporter -->
<testsuite hostname="TVMATP449200L" failures="0" tests="1" name="com.Copla.testCases.TC_LadaTest_003" time="85.483" errors="0" timestamp="2022-02-01T17:27:37 IST" skipped="0">
  <testcase classname="com.Copla.testCases.TC_LadaTest_003" name="ladaTest" time="85.483"/>
  <system-out/>
</testsuite> <!-- com.Copla.testCases.TC_LadaTest_003 -->
