<?xml version="1.0" encoding="UTF-8"?>
<!-- Generated by org.testng.reporters.JUnitReportReporter -->
<testsuite hostname="TVMATP449200L" failures="0" tests="1" name="com.Copla.testCases.TC_DeliveryTest_005" time="90.750" errors="0" timestamp="2022-02-01T17:27:37 IST" skipped="0">
  <testcase classname="com.Copla.testCases.TC_DeliveryTest_005" name="deliveryTest" time="90.750"/>
  <system-out/>
</testsuite> <!-- com.Copla.testCases.TC_DeliveryTest_005 -->
