<?xml version="1.0" encoding="UTF-8"?>
<!-- Generated by org.testng.reporters.JUnitReportReporter -->
<testsuite hostname="TVMATP449200L" failures="0" tests="1" name="com.Copla.testCases.TC_UnprocessedRecordsTest_007" time="87.668" errors="0" timestamp="2022-02-02T13:09:34 IST" skipped="0">
  <testcase classname="com.Copla.testCases.TC_UnprocessedRecordsTest_007" name="unprocessedTest" time="87.668"/>
  <system-out/>
</testsuite> <!-- com.Copla.testCases.TC_UnprocessedRecordsTest_007 -->
