<?xml version="1.0" encoding="UTF-8"?>
<!-- Generated by org.testng.reporters.JUnitReportReporter -->
<testsuite hostname="TVMATP449200L" failures="0" tests="1" name="com.Copla.testCases.TC_CalendarTest_008" time="141.948" errors="0" timestamp="2022-02-01T17:31:09 IST" skipped="0">
  <testcase classname="com.Copla.testCases.TC_CalendarTest_008" name="calendarTest" time="141.948"/>
  <system-out/>
</testsuite> <!-- com.Copla.testCases.TC_CalendarTest_008 -->
