<?xml version="1.0" encoding="UTF-8"?>
<!-- Generated by org.testng.reporters.JUnitReportReporter -->
<testsuite hostname="TVMATP449200L" failures="0" tests="1" name="com.Copla.testCases.TC_Paivi2Test_004" time="82.929" errors="0" timestamp="2022-01-06T18:40:38 IST" skipped="0">
  <testcase classname="com.Copla.testCases.TC_Paivi2Test_004" name="paivi2Test" time="82.929"/>
  <system-out/>
</testsuite> <!-- com.Copla.testCases.TC_Paivi2Test_004 -->
