<?xml version="1.0" encoding="UTF-8"?>
<!-- Generated by org.testng.reporters.JUnitReportReporter -->
<testsuite hostname="TVMATP449200L" failures="0" tests="1" name="com.Copla.testCases.TC_DeliveryCalendarTest_002" time="72.507" errors="0" timestamp="2022-02-01T17:27:37 IST" skipped="0">
  <testcase classname="com.Copla.testCases.TC_DeliveryCalendarTest_002" name="deliverycalendarTest" time="72.507"/>
  <system-out/>
</testsuite> <!-- com.Copla.testCases.TC_DeliveryCalendarTest_002 -->
