<?xml version="1.0" encoding="UTF-8"?>
<!-- Generated by org.testng.reporters.JUnitReportReporter -->
<testsuite hostname="TVMATP449200L" failures="0" tests="1" name="com.Copla.testCases.TC_DeliverymodelConfigTest_010" time="81.938" errors="0" timestamp="2022-02-03T16:44:24 IST" skipped="0">
  <testcase classname="com.Copla.testCases.TC_DeliverymodelConfigTest_010" name="deliverymodelconfigTest" time="81.938"/>
  <system-out/>
</testsuite> <!-- com.Copla.testCases.TC_DeliverymodelConfigTest_010 -->
