<?xml version="1.0" encoding="UTF-8"?>
<!-- Generated by org.testng.reporters.JUnitReportReporter -->
<testsuite hostname="TVMATP449200L" failures="0" tests="1" name="com.Copla.testCases.TC_LoginTest_001" time="17.835" errors="0" timestamp="2021-12-28T11:54:19 IST" skipped="0">
  <testcase classname="com.Copla.testCases.TC_LoginTest_001" name="loginTest" time="17.835"/>
  <system-out/>
</testsuite> <!-- com.Copla.testCases.TC_LoginTest_001 -->
